<?xml version="1.0" encoding="UTF-8"?>
<testExecutions version="1">
  <file path="/Users/gianluca.ciuffa/projects/pagopa-checkout-fe/src/utils/__tests__/quirks/query.test.ts">
    <testCase name="Querystring quirks should leave empty search params intact" duration="6"/>
    <testCase name="Querystring quirks should leave valid search params intact" duration="0"/>
    <testCase name="Querystring quirks should recover search params with question mark instead of ampersand" duration="1"/>
  </file>
  <file path="/Users/gianluca.ciuffa/projects/pagopa-checkout-fe/src/utils/__tests__/FormUtil.test.ts">
    <testCase name="MoneyFormat function utility should format correctly" duration="13"/>
  </file>
  <file path="/Users/gianluca.ciuffa/projects/pagopa-checkout-fe/src/utils/__tests__/urlUtili.test.ts">
    <testCase name="getFragmentParameter function utility Should return the param value correctly" duration="4"/>
    <testCase name="getFragmentParameter function utility Should return an empty string when the url is not valid or the paramater cant&apos;t be found" duration="0"/>
  </file>
  <file path="/Users/gianluca.ciuffa/projects/pagopa-checkout-fe/src/utils/__tests__/sortPsp.test.ts">
    <testCase name="sortBy function sorts bundles correctly in ascending order" duration="4"/>
    <testCase name="sortBy function places undefined values at the end in ascending order" duration="0"/>
    <testCase name="sortBy function sorts bundles correctly in descending order" duration="1"/>
    <testCase name="sortBy function places undefined values at the end in descending order" duration="0"/>
    <testCase name="sortBy function returns 1 for undefined field in descending order" duration="0"/>
    <testCase name="sortBy function sorts bundles by pspBusinessName correctly in ascending order" duration="6"/>
    <testCase name="sortBy function sorts bundles by pspBusinessName correctly in descending order" duration="0"/>
    <testCase name="sortBy function places undefined pspBusinessName values at the end in descending order" duration="0"/>
  </file>
  <file path="/Users/gianluca.ciuffa/projects/pagopa-checkout-fe/src/utils/__tests__/validators.test.ts">
    <testCase name="validateSessionWalletCardFormFields function Should validate correctly a wrong input" duration="3"/>
    <testCase name="validateSessionWalletCardFormFields function Should validate correctly a good input" duration="0"/>
  </file>
  <file path="/Users/gianluca.ciuffa/projects/pagopa-checkout-fe/src/utils/__tests__/paymentMethodChoice.test.ts">
    <testCase name="getNormalizedMethods returns enabled and disabled methods" duration="7"/>
    <testCase name="getNormalizedMethods sorts enabled methods correctly" duration="1"/>
    <testCase name="getNormalizedMethods sorts disabled methods correctly" duration="0"/>
    <testCase name="getNormalizedMethods returns duplicated methods" duration="0"/>
  </file>
  <file path="/Users/gianluca.ciuffa/projects/pagopa-checkout-fe/src/utils/__tests__/TransactionResultUtil.test.ts">
    <testCase name="TransactionResultUtil should return view outcome with ecommerce athorization" duration="6"/>
    <testCase name="TransactionResultUtil should return correct SUCCESS(0) outcome with NPG gateway" duration="0"/>
    <testCase name="TransactionResultUtil should return correctly GENERIC_ERRER(1) outcome with NPG gateway" duration="0"/>
    <testCase name="TransactionResultUtil should return correctly AUTH_ERROR(2) outcome with NPG gateway" duration="1"/>
    <testCase name="TransactionResultUtil should return correctly INVALID_DATA(3) outcome with NPG gateway" duration="1"/>
    <testCase name="TransactionResultUtil should return correctly INVALID_CARD(7) outcome with NPG gateway" duration="0"/>
    <testCase name="TransactionResultUtil should return correctly CANCELED_BY_USER(8) outcome with NPG gateway" duration="0"/>
    <testCase name="TransactionResultUtil should return correctly TAKING_CHARGE(17) outcome with NPG gateway" duration="0"/>
    <testCase name="TransactionResultUtil should return correctly PSP_ERROR(25) outcome with NPG gateway" duration="1"/>
    <testCase name="TransactionResultUtil should return correctly BALANCE_LIMIT(116) outcome with NPG gateway" duration="0"/>
    <testCase name="TransactionResultUtil should return correctly CVV_ERROR(117) outcome with NPG gateway" duration="0"/>
    <testCase name="TransactionResultUtil should return correctly LIMIT_EXCEEDED(121) outcome with NPG gateway" duration="0"/>
    <testCase name="Should return proper outcome based on different nodeInfo values should return GENERIC_ERROR when closePaymentResultError is undefined" duration="0"/>
    <testCase name="Should return proper outcome based on different nodeInfo values should return REFUNDED for status code 422 with description &apos;Node did not receive RPT yet&apos;" duration="0"/>
    <testCase name="Should return proper outcome based on different nodeInfo values should return GENERIC_ERROR for status code 422 without description" duration="0"/>
    <testCase name="Should return proper outcome based on different nodeInfo values should return REFUNDED for status code 400" duration="0"/>
    <testCase name="Should return proper outcome based on different nodeInfo values should return REFUNDED for status code 404" duration="0"/>
    <testCase name="Should return proper outcome based on different nodeInfo values should return GENERIC_ERROR for status code 500" duration="0"/>
    <testCase name="Should return proper outcome based on different nodeInfo values should return GENERIC_ERROR for status code 503" duration="0"/>
  </file>
  <file path="/Users/gianluca.ciuffa/projects/pagopa-checkout-fe/src/routes/__tests__/AuthCallbackPage.test.tsx">
    <testCase name="AuthCallback Renders loading state initially" duration="37"/>
    <testCase name="AuthCallback Calls authentication and then retrieveUserInfo on mount" duration="7"/>
    <testCase name="AuthCallback Shows error screen if authentication fails" duration="18"/>
    <testCase name="AuthCallback Shows error screen if retrieveUserInfo fail after authentication success" duration="7"/>
    <testCase name="AuthCallback Retry button is visible when feature flag is enabled" duration="5"/>
    <testCase name="AuthCallback Clicking retry button triggers login" duration="9"/>
  </file>
  <file path="/Users/gianluca.ciuffa/projects/pagopa-checkout-fe/src/routes/__tests__/PaymentNoticePage.test.tsx">
    <testCase name="PaymentNotice When session is expired should redirect to auth expired page (401)" duration="0"/>
  </file>
  <file path="/Users/gianluca.ciuffa/projects/pagopa-checkout-fe/src/components/commons/__tests__/LoginHeader.test.tsx">
    <testCase name="LoginHeader Renders loading header" duration="39"/>
    <testCase name="LoginHeader Call login api after button click" duration="0"/>
    <testCase name="LoginHeader Shows error modal if proceedToLogin fails" duration="38"/>
    <testCase name="LoginHeader Shows name-surname of logged user" duration="15"/>
    <testCase name="LoginHeader Logout user" duration="0"/>
  </file>
</testExecutions>